SF:lib/meta_weather_api.dart
DA:9,0
LF:1
LH:0
end_of_record
SF:lib/src/meta_weather_api_client.dart
DA:16,2
DA:21,1
DA:22,1
DA:25,1
DA:27,3
DA:29,2
DA:30,1
DA:33,1
DA:34,1
DA:37,1
DA:38,1
DA:41,2
DA:44,1
DA:45,2
DA:46,3
DA:48,2
DA:49,1
DA:52,2
DA:54,1
DA:55,1
DA:58,1
DA:60,1
DA:61,1
DA:64,2
LF:24
LH:24
end_of_record
SF:lib/src/models/location.dart
DA:5,3
DA:22,1
DA:29,4
DA:40,1
DA:47,6
DA:49,0
DA:51,0
DA:54,1
DA:56,1
DA:57,1
DA:58,2
DA:59,2
LF:12
LH:10
end_of_record
SF:lib/src/models/location.g.dart
DA:11,4
DA:14,2
DA:15,1
DA:16,4
DA:17,2
DA:18,4
DA:19,1
DA:20,2
DA:21,2
LF:9
LH:9
end_of_record
SF:lib/src/models/weather.g.dart
DA:11,4
DA:14,2
DA:15,2
DA:16,4
DA:18,4
DA:19,2
DA:21,4
DA:23,2
DA:25,4
DA:28,6
DA:29,2
DA:30,4
DA:31,6
DA:32,6
DA:33,6
DA:35,6
DA:37,6
DA:39,6
DA:40,4
DA:42,6
DA:43,4
LF:21
LH:21
end_of_record
SF:lib/src/models/weather.dart
DA:5,3
DA:30,2
DA:33,3
DA:55,2
DA:73,4
LF:5
LH:5
end_of_record
